CompilerOracle: exclude jregex/Pretokenizer.next
Listening for transport dt_socket at address: 8000
12:03:42,295 INFO  ~ Starting C:\Users\Leche Family\Documents\git\arduSerialJava\arduSerialJava
12:03:42,987 WARN  ~ You're running Play! in DEV mode
12:03:43,102 INFO  ~ Listening for HTTP on port 9000 (Waiting a first request to start) ...
12:03:45,540 ERROR ~ 

@6jo5mn0hj
Internal Server Error (500) for request GET /arduino/on

Compilation error (In /app/arduino/ArduinoImpl.java around line 11)
The file /app/arduino/ArduinoImpl.java could not be compiled. Error raised is : SerialPortEventListener cannot be resolved to a type

play.exceptions.CompilationException: SerialPortEventListener cannot be resolved to a type
	at play.classloading.ApplicationCompiler$2.acceptResult(ApplicationCompiler.java:246)
	at org.eclipse.jdt.internal.compiler.Compiler.handleInternalException(Compiler.java:676)
	at org.eclipse.jdt.internal.compiler.Compiler.compile(Compiler.java:520)
	at play.classloading.ApplicationCompiler.compile(ApplicationCompiler.java:282)
	at play.classloading.ApplicationClassloader.getAllClasses(ApplicationClassloader.java:426)
	at play.Play.start(Play.java:516)
	at play.Play.detectChanges(Play.java:630)
	at play.Invoker$Invocation.init(Invoker.java:198)
	at Invocation.HTTP Request(Play!)
12:04:11,206 ERROR ~ 

@6jo5mn0hk
Internal Server Error (500) for request GET /arduino/status

Compilation error (In /app/arduino/ArduinoImpl.java around line 11)
The file /app/arduino/ArduinoImpl.java could not be compiled. Error raised is : SerialPortEventListener cannot be resolved to a type

play.exceptions.CompilationException: SerialPortEventListener cannot be resolved to a type
	at play.classloading.ApplicationCompiler$2.acceptResult(ApplicationCompiler.java:246)
	at org.eclipse.jdt.internal.compiler.Compiler.handleInternalException(Compiler.java:676)
	at org.eclipse.jdt.internal.compiler.Compiler.compile(Compiler.java:520)
	at play.classloading.ApplicationCompiler.compile(ApplicationCompiler.java:282)
	at play.classloading.ApplicationClassloader.getAllClasses(ApplicationClassloader.java:426)
	at play.Play.start(Play.java:516)
	at play.Play.detectChanges(Play.java:642)
	at play.Invoker$Invocation.init(Invoker.java:198)
	at Invocation.HTTP Request(Play!)
